<?xml version="1.0" encoding="UTF-8"?>
<testng-results skipped="0" failed="0" ignored="0" total="1" passed="1">
  <reporter-output>
  </reporter-output>
  <suite name="Suite" duration-ms="75" started-at="2018-04-25T16:25:15Z" finished-at="2018-04-25T16:25:15Z">
    <groups>
    </groups>
    <test name="Test" duration-ms="75" started-at="2018-04-25T16:25:15Z" finished-at="2018-04-25T16:25:15Z">
      <class name="TestGitGrpID.TestGitArtificatID.TestClass">
        <test-method status="PASS" signature="hello()[pri:0, instance:TestGitGrpID.TestGitArtificatID.TestClass@5dfcfece]" name="hello" duration-ms="22" started-at="2018-04-25T11:25:15Z" finished-at="2018-04-25T11:25:15Z">
          <reporter-output>
          </reporter-output>
        </test-method> <!-- hello -->
      </class> <!-- TestGitGrpID.TestGitArtificatID.TestClass -->
    </test> <!-- Test -->
  </suite> <!-- Suite -->
</testng-results>
